0: 32
1: 0
2: 0
3: 0
4: 32
5: 0
6: 0
7: 0
8: 32
9: 0
10: 0
11: 0
12: 32
13: 0
14: 0
15: 0
16: 32
17: 0
18: 0
19: 0
20: 32
21: 0
22: 0
23: 0
24: 32
25: 0
26: 0
27: 0
28: 32
29: 0
30: 0
31: 0
32: 32
33: 0
34: 0
35: 0
36: 32
37: 0
38: 0
39: 0
40: 32
41: 0
42: 0
43: 0
44: 32
45: 0
46: 0
47: 0
48: 32
49: 0
50: 0
51: 0
52: 32
53: 0
54: 0
55: 0
56: 32
57: 0
58: 0
59: 0
60: 32
61: 0
62: 0
63: 0
64: 32
65: 0
66: 0
67: 0
68: 32
69: 0
70: 0
71: 0
72: 32
73: 0
74: 0
75: 0
76: 32
77: 0
78: 0
79: 0
80: 32
81: 0
82: 0
83: 0
84: 32
85: 0
86: 0
87: 0
88: 32
89: 0
90: 0
91: 0
92: 32
93: 0
94: 0
95: 0
96: 32
97: 0
98: 0
99: 0
100: 32
101: 0
102: 0
103: 0
104: 32
105: 0
106: 0
107: 0
108: 32
109: 0
110: 0
111: 0
112: 32
113: 0
114: 0
115: 0
116: 32
117: 0
118: 0
119: 0
120: 32
121: 0
122: 0
123: 0
124: 32
125: 0
126: 0
127: 0
