0: 9
1: 4
2: 10
3: 9
4: 6
5: 9
6: 6
7: 10
8: 10
9: 5
10: 9
11: 9
12: 4
13: 10
14: 8
15: 7
16: 9
17: 5
18: 10
19: 10
20: 5
21: 9
22: 9
23: 5
24: 10
25: 7
26: 9
27: 9
28: 5
29: 10
30: 10
31: 5
32: 9
33: 8
34: 6
35: 10
36: 6
37: 10
38: 9
39: 5
40: 10
41: 10
42: 5
43: 9
44: 7
45: 7
46: 10
47: 5
48: 10
49: 9
50: 5
51: 10
52: 10
53: 6
54: 9
55: 6
56: 8
57: 9
58: 5
59: 10
60: 9
61: 5
62: 9
63: 9
64: 7
65: 9
66: 5
67: 9
68: 9
69: 5
70: 10
71: 9
72: 5
73: 9
74: 8
75: 8
76: 9
77: 4
78: 9
79: 9
80: 5
81: 10
82: 10
83: 7
84: 9
85: 7
86: 9
87: 10
88: 4
89: 9
90: 9
91: 6
92: 10
93: 9
94: 8
95: 9
96: 6
97: 10
98: 10
99: 4
100: 9
101: 9
102: 7
103: 10
104: 8
105: 9
106: 9
107: 5
108: 10
109: 10
110: 4
111: 9
112: 9
113: 8
114: 10
115: 7
116: 9
117: 9
118: 5
119: 10
120: 10
121: 5
122: 9
123: 8
124: 9
125: 10
126: 6
127: 9
